<?xml version="1.0" encoding="UTF-8"?>
<!-- Generated by org.testng.reporters.JUnitXMLReporter -->
<testsuite ignored="2" hostname="DESKTOP-MVJ2LAG" failures="0" tests="1" name="Default test" time="0.413" errors="0" timestamp="2022-03-03T13:00:59 IST">
  <testcase classname="pack123.VerifyApplicationHeaders" name="@BeforeTest launchBrowser" time="-1.646292658478E9">
    <failure type="org.testng.TestNGException" message="
Parameter &amp;apos;browser&amp;apos; is required by BeforeTest on method launchBrowser but has not been marked @Optional or defined
in C:\Users\om\AppData\Local\Temp\testng-eclipse--1291981843\testng-customsuite.xml">
      <![CDATA[org.testng.TestNGException: 
Parameter 'browser' is required by BeforeTest on method launchBrowser but has not been marked @Optional or defined
in C:\Users\om\AppData\Local\Temp\testng-eclipse--1291981843\testng-customsuite.xml
at org.testng.internal.Parameters.createParams(Parameters.java:270)
at org.testng.internal.Parameters.createParametersForMethod(Parameters.java:358)
at org.testng.internal.Parameters.createParameters(Parameters.java:700)
at org.testng.internal.Parameters.createConfigurationParameters(Parameters.java:168)
at org.testng.internal.ConfigInvoker.invokeConfigurations(ConfigInvoker.java:302)
at org.testng.TestRunner.invokeTestConfigurations(TestRunner.java:637)
at org.testng.TestRunner.beforeRun(TestRunner.java:627)
at org.testng.TestRunner.run(TestRunner.java:589)
at org.testng.SuiteRunner.runTest(SuiteRunner.java:377)
at org.testng.SuiteRunner.runSequentially(SuiteRunner.java:371)
at org.testng.SuiteRunner.privateRun(SuiteRunner.java:332)
at org.testng.SuiteRunner.run(SuiteRunner.java:276)
at org.testng.SuiteRunnerWorker.runSuite(SuiteRunnerWorker.java:53)
at org.testng.SuiteRunnerWorker.run(SuiteRunnerWorker.java:96)
at org.testng.TestNG.runSuitesSequentially(TestNG.java:1212)
at org.testng.TestNG.runSuitesLocally(TestNG.java:1134)
at org.testng.TestNG.runSuites(TestNG.java:1063)
at org.testng.TestNG.run(TestNG.java:1031)
at org.testng.remote.AbstractRemoteTestNG.run(AbstractRemoteTestNG.java:115)
at org.testng.remote.RemoteTestNG.initAndRun(RemoteTestNG.java:251)
at org.testng.remote.RemoteTestNG.main(RemoteTestNG.java:77)
]]>
    </failure>
  </testcase> <!-- @BeforeTest launchBrowser -->
  <testcase classname="pack123.VerifyApplicationHeaders" name="@BeforeClass createObjectOfPOMClasses" time="-1.646292658643E9">
    <skipped/>
  </testcase> <!-- @BeforeClass createObjectOfPOMClasses -->
  <testcase classname="pack123.VerifyApplicationHeaders" name="@BeforeMethod loginIntoApplication" time="-1.646292658738E9">
    <skipped/>
  </testcase> <!-- @BeforeMethod loginIntoApplication -->
  <testcase classname="pack123.VerifyApplicationHeaders" name="@AfterMethod logoutApplication" time="-1.646292658783E9">
    <skipped/>
  </testcase> <!-- @AfterMethod logoutApplication -->
  <testcase classname="pack123.VerifyApplicationHeaders" name="@AfterClass closePOMObjects" time="-1.64629265881E9">
    <skipped/>
  </testcase> <!-- @AfterClass closePOMObjects -->
  <testcase classname="pack123.VerifyApplicationHeaders" name="@AfterTest closeBrowser" time="-1.646292658845E9">
    <skipped/>
  </testcase> <!-- @AfterTest closeBrowser -->
  <testcase classname="pack123.VerifyApplicationHeaders" name="verifyTaskPage" time="0.0">
    <skipped/>
  </testcase> <!-- verifyTaskPage -->
  <testcase classname="pack123.VerifyApplicationHeaders" name="verifyReportsPage" time="0.0">
    <ignored/>
  </testcase> <!-- verifyReportsPage -->
  <testcase classname="pack123.VerifyApplicationHeaders" name="verifyUserPage" time="0.0">
    <ignored/>
  </testcase> <!-- verifyUserPage -->
</testsuite> <!-- Default test -->
