<?xml version="1.0" encoding="UTF-8"?>
<!-- Generated by org.testng.reporters.JUnitReportReporter -->
<testsuite hostname="DESKTOP-MVJ2LAG" failures="0" tests="6" name="pack.VerifyHeaders" time="-1646919808.000" errors="1" timestamp="2022-03-10T19:14:06 IST" skipped="5">
  <testcase classname="pack.VerifyHeaders" name="verifyDashboardPage" time="0.000">
    <skipped/>
  </testcase> <!-- verifyDashboardPage -->
  <system-out/>
  <testcase classname="pack.VerifyHeaders" name="launchBrowser" time="-1646919808.000">
    <error message="
Parameter &#039;browser&#039; is required by BeforeTest on method launchBrowser but has not been marked @Optional or defined
in D:\Nov\Kite-Feb2022\test-output\testng-failed.xml" type="org.testng.TestNGException">
      <![CDATA[org.testng.TestNGException: 
Parameter 'browser' is required by BeforeTest on method launchBrowser but has not been marked @Optional or defined
in D:\Nov\Kite-Feb2022\test-output\testng-failed.xml
at org.testng.internal.Parameters.createParams(Parameters.java:270)
at org.testng.internal.Parameters.createParametersForMethod(Parameters.java:358)
at org.testng.internal.Parameters.createParameters(Parameters.java:700)
at org.testng.internal.Parameters.createConfigurationParameters(Parameters.java:168)
at org.testng.internal.ConfigInvoker.invokeConfigurations(ConfigInvoker.java:302)
at org.testng.TestRunner.invokeTestConfigurations(TestRunner.java:637)
at org.testng.TestRunner.beforeRun(TestRunner.java:627)
at org.testng.TestRunner.run(TestRunner.java:589)
at org.testng.SuiteRunner.runTest(SuiteRunner.java:377)
at org.testng.SuiteRunner.runSequentially(SuiteRunner.java:371)
at org.testng.SuiteRunner.privateRun(SuiteRunner.java:332)
at org.testng.SuiteRunner.run(SuiteRunner.java:276)
at org.testng.SuiteRunnerWorker.runSuite(SuiteRunnerWorker.java:53)
at org.testng.SuiteRunnerWorker.run(SuiteRunnerWorker.java:96)
at org.testng.TestNG.runSuitesSequentially(TestNG.java:1212)
at org.testng.TestNG.runSuitesLocally(TestNG.java:1134)
at org.testng.TestNG.runSuites(TestNG.java:1063)
at org.testng.TestNG.run(TestNG.java:1031)
at org.testng.remote.AbstractRemoteTestNG.run(AbstractRemoteTestNG.java:115)
at org.testng.remote.RemoteTestNG.initAndRun(RemoteTestNG.java:251)
at org.testng.remote.RemoteTestNG.main(RemoteTestNG.java:77)
]]>
    </error>
  </testcase> <!-- launchBrowser -->
  <system-out/>
  <testcase classname="pack.VerifyHeaders" name="verifyOrderPage" time="0.000">
    <skipped/>
  </testcase> <!-- verifyOrderPage -->
  <system-out/>
  <testcase classname="pack.VerifyHeaders" name="verifyHoldingsPage" time="0.000">
    <skipped/>
  </testcase> <!-- verifyHoldingsPage -->
  <system-out/>
  <testcase classname="pack.VerifyHeaders" name="verifyPositionsPage" time="0.000">
    <skipped/>
  </testcase> <!-- verifyPositionsPage -->
  <system-out/>
  <testcase classname="pack.VerifyHeaders" name="verifyFundsPage" time="0.000">
    <skipped/>
  </testcase> <!-- verifyFundsPage -->
  <system-out/>
</testsuite> <!-- pack.VerifyHeaders -->
