<?xml version="1.0" encoding="UTF-8"?>
<!-- Generated by org.testng.reporters.JUnitXMLReporter -->
<testsuite ignored="3" hostname="DESKTOP-MVJ2LAG" failures="0" tests="2" name="ChromeTest(failed)" time="32.325" errors="0" timestamp="2022-03-10T19:12:29 IST">
  <testcase classname="pack.VerifyHeaders" name="@AfterMethod logoutKite" time="6.307">
    <failure type="java.lang.AssertionError" message="The following asserts failed:
	expected [https://kite.zerodha.com/position] but found [https://kite.zerodha.com/positions]">
      <![CDATA[java.lang.AssertionError: The following asserts failed:
expected [https://kite.zerodha.com/position] but found [https://kite.zerodha.com/positions]
at pack.VerifyHeaders.logoutKite(VerifyHeaders.java:134)
at java.base/java.util.ArrayList.forEach(ArrayList.java:1511)
... Removed 34 stack frames]]>
    </failure>
  </testcase> <!-- @AfterMethod logoutKite -->
  <testcase classname="pack.VerifyHeaders" name="@BeforeMethod loginKite" time="-1.646919749375E9">
    <skipped/>
  </testcase> <!-- @BeforeMethod loginKite -->
  <testcase classname="pack.VerifyHeaders" name="@AfterMethod logoutKite" time="-1.646919749386E9">
    <skipped/>
  </testcase> <!-- @AfterMethod logoutKite -->
  <testcase classname="pack.VerifyHeaders" name="@AfterClass closePOMObjects" time="-1.64691974939E9">
    <skipped/>
  </testcase> <!-- @AfterClass closePOMObjects -->
  <testcase classname="pack.VerifyHeaders" name="@AfterTest closeBrowser" time="-1.646919749394E9">
    <skipped/>
  </testcase> <!-- @AfterTest closeBrowser -->
  <testcase classname="pack.VerifyHeaders" name="verifyPositionsPage" time="0.371"/>
  <testcase classname="pack.VerifyHeaders" name="verifyFundsPage" time="0.0">
    <skipped/>
  </testcase> <!-- verifyFundsPage -->
  <testcase classname="pack.VerifyHeaders" name="verifyHoldingsPage" time="0.0">
    <ignored/>
  </testcase> <!-- verifyHoldingsPage -->
  <testcase classname="pack.VerifyHeaders" name="verifyDashboardPage" time="0.0">
    <ignored/>
  </testcase> <!-- verifyDashboardPage -->
  <testcase classname="pack.VerifyHeaders" name="verifyOrderPage" time="0.0">
    <ignored/>
  </testcase> <!-- verifyOrderPage -->
</testsuite> <!-- ChromeTest(failed) -->
