<?xml version="1.0" encoding="UTF-8"?>
<!-- Generated by org.testng.reporters.JUnitXMLReporter -->
<testsuite ignored="0" hostname="DESKTOP-MVJ2LAG" failures="0" tests="5" name="ChromeTest" time="71.41" errors="0" timestamp="2022-03-10T19:06:43 IST">
  <testcase classname="pack.VerifyHeaders" name="@AfterMethod logoutKite" time="5.684">
    <failure type="java.lang.AssertionError" message="The following asserts failed:
	expected [https://kite.zerodha.com/holding] but found [https://kite.zerodha.com/holdings]">
      <![CDATA[java.lang.AssertionError: The following asserts failed:
expected [https://kite.zerodha.com/holding] but found [https://kite.zerodha.com/holdings]
at pack.VerifyHeaders.logoutKite(VerifyHeaders.java:134)
at java.base/java.util.ArrayList.forEach(ArrayList.java:1511)
... Removed 34 stack frames]]>
    </failure>
  </testcase> <!-- @AfterMethod logoutKite -->
  <testcase classname="pack.VerifyHeaders" name="@BeforeMethod loginKite" time="-1.646919403601E9">
    <skipped/>
  </testcase> <!-- @BeforeMethod loginKite -->
  <testcase classname="pack.VerifyHeaders" name="@AfterMethod logoutKite" time="-1.64691940361E9">
    <skipped/>
  </testcase> <!-- @AfterMethod logoutKite -->
  <testcase classname="pack.VerifyHeaders" name="@BeforeMethod loginKite" time="-1.646919403613E9">
    <skipped/>
  </testcase> <!-- @BeforeMethod loginKite -->
  <testcase classname="pack.VerifyHeaders" name="@AfterMethod logoutKite" time="-1.646919403624E9">
    <skipped/>
  </testcase> <!-- @AfterMethod logoutKite -->
  <testcase classname="pack.VerifyHeaders" name="@AfterClass closePOMObjects" time="-1.646919403627E9">
    <skipped/>
  </testcase> <!-- @AfterClass closePOMObjects -->
  <testcase classname="pack.VerifyHeaders" name="@AfterTest closeBrowser" time="-1.646919403633E9">
    <skipped/>
  </testcase> <!-- @AfterTest closeBrowser -->
  <testcase classname="pack.VerifyHeaders" name="verifyDashboardPage" time="1.073"/>
  <testcase classname="pack.VerifyHeaders" name="verifyOrderPage" time="0.282"/>
  <testcase classname="pack.VerifyHeaders" name="verifyHoldingsPage" time="0.505"/>
  <testcase classname="pack.VerifyHeaders" name="verifyPositionsPage" time="0.0">
    <skipped/>
  </testcase> <!-- verifyPositionsPage -->
  <testcase classname="pack.VerifyHeaders" name="verifyFundsPage" time="0.0">
    <skipped/>
  </testcase> <!-- verifyFundsPage -->
</testsuite> <!-- ChromeTest -->
