<?xml version="1.0" encoding="UTF-8"?>
<!-- Generated by org.testng.reporters.JUnitXMLReporter -->
<testsuite ignored="0" hostname="DESKTOP-MVJ2LAG" failures="0" tests="5" name="Default test" time="0.15" errors="0" timestamp="2022-03-10T19:13:09 IST">
  <testcase classname="pack.VerifyHeaders" name="@BeforeTest launchBrowser" time="-1.646919789673E9">
    <failure type="org.testng.TestNGException" message="
Parameter &amp;apos;browser&amp;apos; is required by BeforeTest on method launchBrowser but has not been marked @Optional or defined
in C:\Users\om\AppData\Local\Temp\testng-eclipse-1473255382\testng-customsuite.xml">
      <![CDATA[org.testng.TestNGException: 
Parameter 'browser' is required by BeforeTest on method launchBrowser but has not been marked @Optional or defined
in C:\Users\om\AppData\Local\Temp\testng-eclipse-1473255382\testng-customsuite.xml
at org.testng.internal.Parameters.createParams(Parameters.java:270)
at org.testng.internal.Parameters.createParametersForMethod(Parameters.java:358)
at org.testng.internal.Parameters.createParameters(Parameters.java:700)
at org.testng.internal.Parameters.createConfigurationParameters(Parameters.java:168)
at org.testng.internal.ConfigInvoker.invokeConfigurations(ConfigInvoker.java:302)
at org.testng.TestRunner.invokeTestConfigurations(TestRunner.java:637)
at org.testng.TestRunner.beforeRun(TestRunner.java:627)
at org.testng.TestRunner.run(TestRunner.java:589)
at org.testng.SuiteRunner.runTest(SuiteRunner.java:377)
at org.testng.SuiteRunner.runSequentially(SuiteRunner.java:371)
at org.testng.SuiteRunner.privateRun(SuiteRunner.java:332)
at org.testng.SuiteRunner.run(SuiteRunner.java:276)
at org.testng.SuiteRunnerWorker.runSuite(SuiteRunnerWorker.java:53)
at org.testng.SuiteRunnerWorker.run(SuiteRunnerWorker.java:96)
at org.testng.TestNG.runSuitesSequentially(TestNG.java:1212)
at org.testng.TestNG.runSuitesLocally(TestNG.java:1134)
at org.testng.TestNG.runSuites(TestNG.java:1063)
at org.testng.TestNG.run(TestNG.java:1031)
at org.testng.remote.AbstractRemoteTestNG.run(AbstractRemoteTestNG.java:115)
at org.testng.remote.RemoteTestNG.initAndRun(RemoteTestNG.java:251)
at org.testng.remote.RemoteTestNG.main(RemoteTestNG.java:77)
]]>
    </failure>
  </testcase> <!-- @BeforeTest launchBrowser -->
  <testcase classname="pack.VerifyHeaders" name="@BeforeClass createObjectsOfPOMClasses" time="-1.646919789714E9">
    <skipped/>
  </testcase> <!-- @BeforeClass createObjectsOfPOMClasses -->
  <testcase classname="pack.VerifyHeaders" name="@BeforeMethod loginKite" time="-1.646919789745E9">
    <skipped/>
  </testcase> <!-- @BeforeMethod loginKite -->
  <testcase classname="pack.VerifyHeaders" name="@AfterMethod logoutKite" time="-1.646919789759E9">
    <skipped/>
  </testcase> <!-- @AfterMethod logoutKite -->
  <testcase classname="pack.VerifyHeaders" name="@BeforeMethod loginKite" time="-1.646919789768E9">
    <skipped/>
  </testcase> <!-- @BeforeMethod loginKite -->
  <testcase classname="pack.VerifyHeaders" name="@AfterMethod logoutKite" time="-1.646919789776E9">
    <skipped/>
  </testcase> <!-- @AfterMethod logoutKite -->
  <testcase classname="pack.VerifyHeaders" name="@BeforeMethod loginKite" time="-1.646919789779E9">
    <skipped/>
  </testcase> <!-- @BeforeMethod loginKite -->
  <testcase classname="pack.VerifyHeaders" name="@AfterMethod logoutKite" time="-1.646919789788E9">
    <skipped/>
  </testcase> <!-- @AfterMethod logoutKite -->
  <testcase classname="pack.VerifyHeaders" name="@BeforeMethod loginKite" time="-1.646919789791E9">
    <skipped/>
  </testcase> <!-- @BeforeMethod loginKite -->
  <testcase classname="pack.VerifyHeaders" name="@AfterMethod logoutKite" time="-1.646919789797E9">
    <skipped/>
  </testcase> <!-- @AfterMethod logoutKite -->
  <testcase classname="pack.VerifyHeaders" name="@BeforeMethod loginKite" time="-1.646919789799E9">
    <skipped/>
  </testcase> <!-- @BeforeMethod loginKite -->
  <testcase classname="pack.VerifyHeaders" name="@AfterMethod logoutKite" time="-1.646919789805E9">
    <skipped/>
  </testcase> <!-- @AfterMethod logoutKite -->
  <testcase classname="pack.VerifyHeaders" name="@AfterClass closePOMObjects" time="-1.646919789808E9">
    <skipped/>
  </testcase> <!-- @AfterClass closePOMObjects -->
  <testcase classname="pack.VerifyHeaders" name="@AfterTest closeBrowser" time="-1.646919789813E9">
    <skipped/>
  </testcase> <!-- @AfterTest closeBrowser -->
  <testcase classname="pack.VerifyHeaders" name="verifyDashboardPage" time="0.0">
    <skipped/>
  </testcase> <!-- verifyDashboardPage -->
  <testcase classname="pack.VerifyHeaders" name="verifyOrderPage" time="0.0">
    <skipped/>
  </testcase> <!-- verifyOrderPage -->
  <testcase classname="pack.VerifyHeaders" name="verifyHoldingsPage" time="0.0">
    <skipped/>
  </testcase> <!-- verifyHoldingsPage -->
  <testcase classname="pack.VerifyHeaders" name="verifyPositionsPage" time="0.0">
    <skipped/>
  </testcase> <!-- verifyPositionsPage -->
  <testcase classname="pack.VerifyHeaders" name="verifyFundsPage" time="0.0">
    <skipped/>
  </testcase> <!-- verifyFundsPage -->
</testsuite> <!-- Default test -->
