<?xml version="1.0" encoding="UTF-8"?>
<testng-results ignored="0" total="5" passed="0" failed="0" skipped="5">
  <reporter-output>
  </reporter-output>
  <suite started-at="2022-03-10T19:14:05 IST" name="Failed suite [Failed suite [Default suite]]" finished-at="2022-03-10T19:14:05 IST" duration-ms="157">
    <groups>
    </groups>
    <test started-at="2022-03-10T19:14:05 IST" name="Default test(failed)(failed)" finished-at="2022-03-10T19:14:05 IST" duration-ms="157">
      <class name="pack.VerifyHeaders">
        <test-method is-config="true" signature="launchBrowser(java.lang.String)[pri:0, instance:pack.VerifyHeaders@156b88f5]" started-at="2022-03-10T19:14:05 IST" name="launchBrowser" finished-at="1970-01-01T05:30:00 IST" duration-ms="-1646919845784" status="FAIL">
          <exception class="org.testng.TestNGException">
            <message>
              <![CDATA[
Parameter 'browser' is required by BeforeTest on method launchBrowser but has not been marked @Optional or defined
in D:\Nov\Kite-Feb2022\test-output\testng-failed.xml]]>
            </message>
            <full-stacktrace>
              <![CDATA[org.testng.TestNGException: 
Parameter 'browser' is required by BeforeTest on method launchBrowser but has not been marked @Optional or defined
in D:\Nov\Kite-Feb2022\test-output\testng-failed.xml
at org.testng.internal.Parameters.createParams(Parameters.java:270)
at org.testng.internal.Parameters.createParametersForMethod(Parameters.java:358)
at org.testng.internal.Parameters.createParameters(Parameters.java:700)
at org.testng.internal.Parameters.createConfigurationParameters(Parameters.java:168)
at org.testng.internal.ConfigInvoker.invokeConfigurations(ConfigInvoker.java:302)
at org.testng.TestRunner.invokeTestConfigurations(TestRunner.java:637)
at org.testng.TestRunner.beforeRun(TestRunner.java:627)
at org.testng.TestRunner.run(TestRunner.java:589)
at org.testng.SuiteRunner.runTest(SuiteRunner.java:377)
at org.testng.SuiteRunner.runSequentially(SuiteRunner.java:371)
at org.testng.SuiteRunner.privateRun(SuiteRunner.java:332)
at org.testng.SuiteRunner.run(SuiteRunner.java:276)
at org.testng.SuiteRunnerWorker.runSuite(SuiteRunnerWorker.java:53)
at org.testng.SuiteRunnerWorker.run(SuiteRunnerWorker.java:96)
at org.testng.TestNG.runSuitesSequentially(TestNG.java:1212)
at org.testng.TestNG.runSuitesLocally(TestNG.java:1134)
at org.testng.TestNG.runSuites(TestNG.java:1063)
at org.testng.TestNG.run(TestNG.java:1031)
at org.testng.remote.AbstractRemoteTestNG.run(AbstractRemoteTestNG.java:115)
at org.testng.remote.RemoteTestNG.initAndRun(RemoteTestNG.java:251)
at org.testng.remote.RemoteTestNG.main(RemoteTestNG.java:77)
]]>
            </full-stacktrace>
          </exception> <!-- org.testng.TestNGException -->
          <reporter-output>
          </reporter-output>
        </test-method> <!-- launchBrowser -->
        <test-method is-config="true" signature="createObjectsOfPOMClasses()[pri:0, instance:pack.VerifyHeaders@156b88f5]" started-at="2022-03-10T19:14:05 IST" name="createObjectsOfPOMClasses" finished-at="1970-01-01T05:30:00 IST" duration-ms="-1646919845824" status="SKIP">
          <reporter-output>
          </reporter-output>
        </test-method> <!-- createObjectsOfPOMClasses -->
        <test-method is-config="true" signature="loginKite()[pri:0, instance:pack.VerifyHeaders@156b88f5]" started-at="2022-03-10T19:14:05 IST" name="loginKite" finished-at="1970-01-01T05:30:00 IST" duration-ms="-1646919845843" status="SKIP">
          <reporter-output>
          </reporter-output>
        </test-method> <!-- loginKite -->
        <test-method signature="verifyDashboardPage()[pri:0, instance:pack.VerifyHeaders@156b88f5]" started-at="2022-03-10T19:14:05 IST" name="verifyDashboardPage" finished-at="2022-03-10T19:14:05 IST" duration-ms="0" status="SKIP">
          <exception class="org.testng.TestNGException">
            <message>
              <![CDATA[
Parameter 'browser' is required by BeforeTest on method launchBrowser but has not been marked @Optional or defined
in D:\Nov\Kite-Feb2022\test-output\testng-failed.xml]]>
            </message>
            <full-stacktrace>
              <![CDATA[org.testng.TestNGException: 
Parameter 'browser' is required by BeforeTest on method launchBrowser but has not been marked @Optional or defined
in D:\Nov\Kite-Feb2022\test-output\testng-failed.xml
at org.testng.internal.Parameters.createParams(Parameters.java:270)
at org.testng.internal.Parameters.createParametersForMethod(Parameters.java:358)
at org.testng.internal.Parameters.createParameters(Parameters.java:700)
at org.testng.internal.Parameters.createConfigurationParameters(Parameters.java:168)
at org.testng.internal.ConfigInvoker.invokeConfigurations(ConfigInvoker.java:302)
at org.testng.TestRunner.invokeTestConfigurations(TestRunner.java:637)
at org.testng.TestRunner.beforeRun(TestRunner.java:627)
at org.testng.TestRunner.run(TestRunner.java:589)
at org.testng.SuiteRunner.runTest(SuiteRunner.java:377)
at org.testng.SuiteRunner.runSequentially(SuiteRunner.java:371)
at org.testng.SuiteRunner.privateRun(SuiteRunner.java:332)
at org.testng.SuiteRunner.run(SuiteRunner.java:276)
at org.testng.SuiteRunnerWorker.runSuite(SuiteRunnerWorker.java:53)
at org.testng.SuiteRunnerWorker.run(SuiteRunnerWorker.java:96)
at org.testng.TestNG.runSuitesSequentially(TestNG.java:1212)
at org.testng.TestNG.runSuitesLocally(TestNG.java:1134)
at org.testng.TestNG.runSuites(TestNG.java:1063)
at org.testng.TestNG.run(TestNG.java:1031)
at org.testng.remote.AbstractRemoteTestNG.run(AbstractRemoteTestNG.java:115)
at org.testng.remote.RemoteTestNG.initAndRun(RemoteTestNG.java:251)
at org.testng.remote.RemoteTestNG.main(RemoteTestNG.java:77)
]]>
            </full-stacktrace>
          </exception> <!-- org.testng.TestNGException -->
          <reporter-output>
          </reporter-output>
        </test-method> <!-- verifyDashboardPage -->
        <test-method is-config="true" signature="logoutKite(org.testng.ITestResult)[pri:0, instance:pack.VerifyHeaders@156b88f5]" started-at="2022-03-10T19:14:05 IST" name="logoutKite" finished-at="1970-01-01T05:30:00 IST" duration-ms="-1646919845852" status="SKIP">
          <reporter-output>
          </reporter-output>
        </test-method> <!-- logoutKite -->
        <test-method is-config="true" signature="loginKite()[pri:0, instance:pack.VerifyHeaders@156b88f5]" started-at="2022-03-10T19:14:05 IST" name="loginKite" finished-at="1970-01-01T05:30:00 IST" duration-ms="-1646919845859" status="SKIP">
          <reporter-output>
          </reporter-output>
        </test-method> <!-- loginKite -->
        <test-method signature="verifyOrderPage()[pri:1, instance:pack.VerifyHeaders@156b88f5]" started-at="2022-03-10T19:14:05 IST" name="verifyOrderPage" finished-at="2022-03-10T19:14:05 IST" duration-ms="0" status="SKIP">
          <exception class="org.testng.TestNGException">
            <message>
              <![CDATA[
Parameter 'browser' is required by BeforeTest on method launchBrowser but has not been marked @Optional or defined
in D:\Nov\Kite-Feb2022\test-output\testng-failed.xml]]>
            </message>
            <full-stacktrace>
              <![CDATA[org.testng.TestNGException: 
Parameter 'browser' is required by BeforeTest on method launchBrowser but has not been marked @Optional or defined
in D:\Nov\Kite-Feb2022\test-output\testng-failed.xml
at org.testng.internal.Parameters.createParams(Parameters.java:270)
at org.testng.internal.Parameters.createParametersForMethod(Parameters.java:358)
at org.testng.internal.Parameters.createParameters(Parameters.java:700)
at org.testng.internal.Parameters.createConfigurationParameters(Parameters.java:168)
at org.testng.internal.ConfigInvoker.invokeConfigurations(ConfigInvoker.java:302)
at org.testng.TestRunner.invokeTestConfigurations(TestRunner.java:637)
at org.testng.TestRunner.beforeRun(TestRunner.java:627)
at org.testng.TestRunner.run(TestRunner.java:589)
at org.testng.SuiteRunner.runTest(SuiteRunner.java:377)
at org.testng.SuiteRunner.runSequentially(SuiteRunner.java:371)
at org.testng.SuiteRunner.privateRun(SuiteRunner.java:332)
at org.testng.SuiteRunner.run(SuiteRunner.java:276)
at org.testng.SuiteRunnerWorker.runSuite(SuiteRunnerWorker.java:53)
at org.testng.SuiteRunnerWorker.run(SuiteRunnerWorker.java:96)
at org.testng.TestNG.runSuitesSequentially(TestNG.java:1212)
at org.testng.TestNG.runSuitesLocally(TestNG.java:1134)
at org.testng.TestNG.runSuites(TestNG.java:1063)
at org.testng.TestNG.run(TestNG.java:1031)
at org.testng.remote.AbstractRemoteTestNG.run(AbstractRemoteTestNG.java:115)
at org.testng.remote.RemoteTestNG.initAndRun(RemoteTestNG.java:251)
at org.testng.remote.RemoteTestNG.main(RemoteTestNG.java:77)
]]>
            </full-stacktrace>
          </exception> <!-- org.testng.TestNGException -->
          <reporter-output>
          </reporter-output>
        </test-method> <!-- verifyOrderPage -->
        <test-method is-config="true" signature="logoutKite(org.testng.ITestResult)[pri:0, instance:pack.VerifyHeaders@156b88f5]" started-at="2022-03-10T19:14:05 IST" name="logoutKite" finished-at="1970-01-01T05:30:00 IST" duration-ms="-1646919845867" status="SKIP">
          <reporter-output>
          </reporter-output>
        </test-method> <!-- logoutKite -->
        <test-method is-config="true" signature="loginKite()[pri:0, instance:pack.VerifyHeaders@156b88f5]" started-at="2022-03-10T19:14:05 IST" name="loginKite" finished-at="1970-01-01T05:30:00 IST" duration-ms="-1646919845870" status="SKIP">
          <reporter-output>
          </reporter-output>
        </test-method> <!-- loginKite -->
        <test-method signature="verifyHoldingsPage()[pri:2, instance:pack.VerifyHeaders@156b88f5]" started-at="2022-03-10T19:14:05 IST" name="verifyHoldingsPage" finished-at="2022-03-10T19:14:05 IST" duration-ms="0" status="SKIP">
          <exception class="org.testng.TestNGException">
            <message>
              <![CDATA[
Parameter 'browser' is required by BeforeTest on method launchBrowser but has not been marked @Optional or defined
in D:\Nov\Kite-Feb2022\test-output\testng-failed.xml]]>
            </message>
            <full-stacktrace>
              <![CDATA[org.testng.TestNGException: 
Parameter 'browser' is required by BeforeTest on method launchBrowser but has not been marked @Optional or defined
in D:\Nov\Kite-Feb2022\test-output\testng-failed.xml
at org.testng.internal.Parameters.createParams(Parameters.java:270)
at org.testng.internal.Parameters.createParametersForMethod(Parameters.java:358)
at org.testng.internal.Parameters.createParameters(Parameters.java:700)
at org.testng.internal.Parameters.createConfigurationParameters(Parameters.java:168)
at org.testng.internal.ConfigInvoker.invokeConfigurations(ConfigInvoker.java:302)
at org.testng.TestRunner.invokeTestConfigurations(TestRunner.java:637)
at org.testng.TestRunner.beforeRun(TestRunner.java:627)
at org.testng.TestRunner.run(TestRunner.java:589)
at org.testng.SuiteRunner.runTest(SuiteRunner.java:377)
at org.testng.SuiteRunner.runSequentially(SuiteRunner.java:371)
at org.testng.SuiteRunner.privateRun(SuiteRunner.java:332)
at org.testng.SuiteRunner.run(SuiteRunner.java:276)
at org.testng.SuiteRunnerWorker.runSuite(SuiteRunnerWorker.java:53)
at org.testng.SuiteRunnerWorker.run(SuiteRunnerWorker.java:96)
at org.testng.TestNG.runSuitesSequentially(TestNG.java:1212)
at org.testng.TestNG.runSuitesLocally(TestNG.java:1134)
at org.testng.TestNG.runSuites(TestNG.java:1063)
at org.testng.TestNG.run(TestNG.java:1031)
at org.testng.remote.AbstractRemoteTestNG.run(AbstractRemoteTestNG.java:115)
at org.testng.remote.RemoteTestNG.initAndRun(RemoteTestNG.java:251)
at org.testng.remote.RemoteTestNG.main(RemoteTestNG.java:77)
]]>
            </full-stacktrace>
          </exception> <!-- org.testng.TestNGException -->
          <reporter-output>
          </reporter-output>
        </test-method> <!-- verifyHoldingsPage -->
        <test-method is-config="true" signature="logoutKite(org.testng.ITestResult)[pri:0, instance:pack.VerifyHeaders@156b88f5]" started-at="2022-03-10T19:14:05 IST" name="logoutKite" finished-at="1970-01-01T05:30:00 IST" duration-ms="-1646919845878" status="SKIP">
          <reporter-output>
          </reporter-output>
        </test-method> <!-- logoutKite -->
        <test-method is-config="true" signature="loginKite()[pri:0, instance:pack.VerifyHeaders@156b88f5]" started-at="2022-03-10T19:14:05 IST" name="loginKite" finished-at="1970-01-01T05:30:00 IST" duration-ms="-1646919845881" status="SKIP">
          <reporter-output>
          </reporter-output>
        </test-method> <!-- loginKite -->
        <test-method signature="verifyPositionsPage()[pri:3, instance:pack.VerifyHeaders@156b88f5]" started-at="2022-03-10T19:14:05 IST" name="verifyPositionsPage" finished-at="2022-03-10T19:14:05 IST" duration-ms="0" status="SKIP">
          <exception class="org.testng.TestNGException">
            <message>
              <![CDATA[
Parameter 'browser' is required by BeforeTest on method launchBrowser but has not been marked @Optional or defined
in D:\Nov\Kite-Feb2022\test-output\testng-failed.xml]]>
            </message>
            <full-stacktrace>
              <![CDATA[org.testng.TestNGException: 
Parameter 'browser' is required by BeforeTest on method launchBrowser but has not been marked @Optional or defined
in D:\Nov\Kite-Feb2022\test-output\testng-failed.xml
at org.testng.internal.Parameters.createParams(Parameters.java:270)
at org.testng.internal.Parameters.createParametersForMethod(Parameters.java:358)
at org.testng.internal.Parameters.createParameters(Parameters.java:700)
at org.testng.internal.Parameters.createConfigurationParameters(Parameters.java:168)
at org.testng.internal.ConfigInvoker.invokeConfigurations(ConfigInvoker.java:302)
at org.testng.TestRunner.invokeTestConfigurations(TestRunner.java:637)
at org.testng.TestRunner.beforeRun(TestRunner.java:627)
at org.testng.TestRunner.run(TestRunner.java:589)
at org.testng.SuiteRunner.runTest(SuiteRunner.java:377)
at org.testng.SuiteRunner.runSequentially(SuiteRunner.java:371)
at org.testng.SuiteRunner.privateRun(SuiteRunner.java:332)
at org.testng.SuiteRunner.run(SuiteRunner.java:276)
at org.testng.SuiteRunnerWorker.runSuite(SuiteRunnerWorker.java:53)
at org.testng.SuiteRunnerWorker.run(SuiteRunnerWorker.java:96)
at org.testng.TestNG.runSuitesSequentially(TestNG.java:1212)
at org.testng.TestNG.runSuitesLocally(TestNG.java:1134)
at org.testng.TestNG.runSuites(TestNG.java:1063)
at org.testng.TestNG.run(TestNG.java:1031)
at org.testng.remote.AbstractRemoteTestNG.run(AbstractRemoteTestNG.java:115)
at org.testng.remote.RemoteTestNG.initAndRun(RemoteTestNG.java:251)
at org.testng.remote.RemoteTestNG.main(RemoteTestNG.java:77)
]]>
            </full-stacktrace>
          </exception> <!-- org.testng.TestNGException -->
          <reporter-output>
          </reporter-output>
        </test-method> <!-- verifyPositionsPage -->
        <test-method is-config="true" signature="logoutKite(org.testng.ITestResult)[pri:0, instance:pack.VerifyHeaders@156b88f5]" started-at="2022-03-10T19:14:05 IST" name="logoutKite" finished-at="1970-01-01T05:30:00 IST" duration-ms="-1646919845890" status="SKIP">
          <reporter-output>
          </reporter-output>
        </test-method> <!-- logoutKite -->
        <test-method is-config="true" signature="loginKite()[pri:0, instance:pack.VerifyHeaders@156b88f5]" started-at="2022-03-10T19:14:05 IST" name="loginKite" finished-at="1970-01-01T05:30:00 IST" duration-ms="-1646919845895" status="SKIP">
          <reporter-output>
          </reporter-output>
        </test-method> <!-- loginKite -->
        <test-method signature="verifyFundsPage()[pri:4, instance:pack.VerifyHeaders@156b88f5]" started-at="2022-03-10T19:14:05 IST" name="verifyFundsPage" finished-at="2022-03-10T19:14:05 IST" duration-ms="0" status="SKIP">
          <exception class="org.testng.TestNGException">
            <message>
              <![CDATA[
Parameter 'browser' is required by BeforeTest on method launchBrowser but has not been marked @Optional or defined
in D:\Nov\Kite-Feb2022\test-output\testng-failed.xml]]>
            </message>
            <full-stacktrace>
              <![CDATA[org.testng.TestNGException: 
Parameter 'browser' is required by BeforeTest on method launchBrowser but has not been marked @Optional or defined
in D:\Nov\Kite-Feb2022\test-output\testng-failed.xml
at org.testng.internal.Parameters.createParams(Parameters.java:270)
at org.testng.internal.Parameters.createParametersForMethod(Parameters.java:358)
at org.testng.internal.Parameters.createParameters(Parameters.java:700)
at org.testng.internal.Parameters.createConfigurationParameters(Parameters.java:168)
at org.testng.internal.ConfigInvoker.invokeConfigurations(ConfigInvoker.java:302)
at org.testng.TestRunner.invokeTestConfigurations(TestRunner.java:637)
at org.testng.TestRunner.beforeRun(TestRunner.java:627)
at org.testng.TestRunner.run(TestRunner.java:589)
at org.testng.SuiteRunner.runTest(SuiteRunner.java:377)
at org.testng.SuiteRunner.runSequentially(SuiteRunner.java:371)
at org.testng.SuiteRunner.privateRun(SuiteRunner.java:332)
at org.testng.SuiteRunner.run(SuiteRunner.java:276)
at org.testng.SuiteRunnerWorker.runSuite(SuiteRunnerWorker.java:53)
at org.testng.SuiteRunnerWorker.run(SuiteRunnerWorker.java:96)
at org.testng.TestNG.runSuitesSequentially(TestNG.java:1212)
at org.testng.TestNG.runSuitesLocally(TestNG.java:1134)
at org.testng.TestNG.runSuites(TestNG.java:1063)
at org.testng.TestNG.run(TestNG.java:1031)
at org.testng.remote.AbstractRemoteTestNG.run(AbstractRemoteTestNG.java:115)
at org.testng.remote.RemoteTestNG.initAndRun(RemoteTestNG.java:251)
at org.testng.remote.RemoteTestNG.main(RemoteTestNG.java:77)
]]>
            </full-stacktrace>
          </exception> <!-- org.testng.TestNGException -->
          <reporter-output>
          </reporter-output>
        </test-method> <!-- verifyFundsPage -->
        <test-method is-config="true" signature="logoutKite(org.testng.ITestResult)[pri:0, instance:pack.VerifyHeaders@156b88f5]" started-at="2022-03-10T19:14:05 IST" name="logoutKite" finished-at="1970-01-01T05:30:00 IST" duration-ms="-1646919845911" status="SKIP">
          <reporter-output>
          </reporter-output>
        </test-method> <!-- logoutKite -->
        <test-method is-config="true" signature="closePOMObjects()[pri:0, instance:pack.VerifyHeaders@156b88f5]" started-at="2022-03-10T19:14:05 IST" name="closePOMObjects" finished-at="1970-01-01T05:30:00 IST" duration-ms="-1646919845917" status="SKIP">
          <reporter-output>
          </reporter-output>
        </test-method> <!-- closePOMObjects -->
        <test-method is-config="true" signature="closeBrowser()[pri:0, instance:pack.VerifyHeaders@156b88f5]" started-at="2022-03-10T19:14:05 IST" name="closeBrowser" finished-at="1970-01-01T05:30:00 IST" duration-ms="-1646919845932" status="SKIP">
          <reporter-output>
          </reporter-output>
        </test-method> <!-- closeBrowser -->
      </class> <!-- pack.VerifyHeaders -->
    </test> <!-- Default test(failed)(failed) -->
  </suite> <!-- Failed suite [Failed suite [Default suite]] -->
</testng-results>
